<?xml version="1.0" encoding="UTF-8"?>
<!-- Generated by org.testng.reporters.JUnitReportReporter -->
<testsuite hostname="desktop-pc" failures="0" tests="6" name="sumayaproject.myTest" time="15.849" errors="0" timestamp="2025-05-06T23:19:05 EET" skipped="2">
  <testcase classname="sumayaproject.myTest" name="addOneRandomItem" time="0.449"/>
  <testcase classname="sumayaproject.myTest" name="addAllItems" time="12.814"/>
  <testcase classname="sumayaproject.myTest" name="RemoveAllItems" time="2.470"/>
  <testcase classname="sumayaproject.myTest" name="Task" time="0.116"/>
  <testcase classname="sumayaproject.myTest" name="removeItemFromTheCart">
    <skipped/>
  </testcase> <!-- removeItemFromTheCart -->
  <testcase classname="sumayaproject.myTest" name="LogOut">
    <skipped/>
  </testcase> <!-- LogOut -->
</testsuite> <!-- sumayaproject.myTest -->
